2024-11-21 01:02:18  - Папка services уже существует. Пропускаем создание.
2024-11-21 01:02:18  - Структура сервисов готова
2024-11-21 01:02:18  - Останавливаем и удаляем старые контейнеры и сети с помощью docker-compose...
2024-11-21 01:02:26  - Запускаем новые контейнеры с помощью docker-compose...
2024-11-21 01:02:59  - Запускаем мониторинг сервисов...
2024-11-21 01:02:59  - Начало цикла мониторинга сервисов
2024-11-21 01:02:59  - Сервис admin-service недоступен на порту 8005. Перезапуск...
2024-11-21 01:03:29  - Сервис user-service недоступен на порту 8004. Перезапуск...
2024-11-21 01:03:59  - Сервис courses-service недоступен на порту 8101. Перезапуск...
2024-11-21 01:04:30  - Сервис lessons-service недоступен на порту 8102. Перезапуск...
2024-11-21 01:05:00  - Сервис tests-service недоступен на порту 8103. Перезапуск...
2024-11-21 01:05:30  - Сервис achievement-service недоступен на порту 8201. Перезапуск...
2024-11-21 01:06:01  - Сервис progress-service недоступен на порту 8003. Перезапуск...
2024-11-21 01:06:31  - Сервис notification-service недоступен на порту 8301. Перезапуск...
2024-11-21 01:07:01  - Сервис analytic-service недоступен на порту 8203. Перезапуск...
2024-11-21 01:07:32  - Папка services уже существует. Пропускаем создание.
2024-11-21 01:07:32  - Структура сервисов готова
2024-11-21 01:07:32  - Останавливаем и удаляем старые контейнеры и сети с помощью docker-compose...
2024-11-21 01:07:40  - Запускаем новые контейнеры с помощью docker-compose...
2024-11-21 01:08:12  - Запускаем мониторинг сервисов...
2024-11-21 01:08:12  - Начало цикла мониторинга сервисов
2024-11-21 01:08:12  - Сервис admin-service недоступен на порту 8005. Перезапуск...
2024-11-21 01:08:43  - Сервис user-service недоступен на порту 8004. Перезапуск...
